<?xml version="1.0" encoding="UTF-8"?>
<testng-results ignored="0" total="1" passed="1" failed="0" skipped="0">
  <reporter-output>
  </reporter-output>
  <suite started-at="2022-06-21T11:41:14 IST" name="Default suite" finished-at="2022-06-21T11:41:31 IST" duration-ms="17374">
    <groups>
      <group name="regressionTest">
        <method signature="CreateContactAddOrganizationAndVerifyTest.createContactAddOrganizationAndVerifyTest()[pri:0, instance:com.crm.createcontact.CreateContactAddOrganizationAndVerifyTest@c88a337]" name="createContactAddOrganizationAndVerifyTest" class="com.crm.createcontact.CreateContactAddOrganizationAndVerifyTest"/>
      </group> <!-- regressionTest -->
    </groups>
    <test started-at="2022-06-21T11:41:14 IST" name="Default test" finished-at="2022-06-21T11:41:31 IST" duration-ms="17374">
      <class name="com.crm.createcontact.CreateContactAddOrganizationAndVerifyTest">
        <test-method is-config="true" signature="dbConfig()[pri:0, instance:com.crm.createcontact.CreateContactAddOrganizationAndVerifyTest@c88a337]" started-at="2022-06-21T11:41:14 IST" name="dbConfig" finished-at="2022-06-21T11:41:14 IST" duration-ms="6" status="PASS">
          <reporter-output>
          </reporter-output>
        </test-method> <!-- dbConfig -->
        <test-method is-config="true" signature="launchTheBrowser()[pri:0, instance:com.crm.createcontact.CreateContactAddOrganizationAndVerifyTest@c88a337]" started-at="2022-06-21T11:41:14 IST" name="launchTheBrowser" finished-at="2022-06-21T11:41:19 IST" duration-ms="4702" status="PASS">
          <reporter-output>
          </reporter-output>
        </test-method> <!-- launchTheBrowser -->
        <test-method is-config="true" signature="loginToApplication()[pri:0, instance:com.crm.createcontact.CreateContactAddOrganizationAndVerifyTest@c88a337]" started-at="2022-06-21T11:41:19 IST" name="loginToApplication" finished-at="2022-06-21T11:41:20 IST" duration-ms="1873" status="PASS">
          <reporter-output>
          </reporter-output>
        </test-method> <!-- loginToApplication -->
        <test-method signature="createContactAddOrganizationAndVerifyTest()[pri:0, instance:com.crm.createcontact.CreateContactAddOrganizationAndVerifyTest@c88a337]" started-at="2022-06-21T11:41:20 IST" name="createContactAddOrganizationAndVerifyTest" finished-at="2022-06-21T11:41:29 IST" duration-ms="8909" status="PASS">
          <reporter-output>
          </reporter-output>
        </test-method> <!-- createContactAddOrganizationAndVerifyTest -->
        <test-method is-config="true" signature="signoutFromApplication()[pri:0, instance:com.crm.createcontact.CreateContactAddOrganizationAndVerifyTest@c88a337]" started-at="2022-06-21T11:41:29 IST" name="signoutFromApplication" finished-at="2022-06-21T11:41:30 IST" duration-ms="1054" status="PASS">
          <reporter-output>
          </reporter-output>
        </test-method> <!-- signoutFromApplication -->
        <test-method is-config="true" signature="closeTheBrowser()[pri:0, instance:com.crm.createcontact.CreateContactAddOrganizationAndVerifyTest@c88a337]" started-at="2022-06-21T11:41:30 IST" name="closeTheBrowser" finished-at="2022-06-21T11:41:31 IST" duration-ms="806" status="PASS">
          <reporter-output>
          </reporter-output>
        </test-method> <!-- closeTheBrowser -->
        <test-method is-config="true" signature="closeTheDB()[pri:0, instance:com.crm.createcontact.CreateContactAddOrganizationAndVerifyTest@c88a337]" started-at="2022-06-21T11:41:31 IST" name="closeTheDB" finished-at="2022-06-21T11:41:31 IST" duration-ms="0" status="PASS">
          <reporter-output>
          </reporter-output>
        </test-method> <!-- closeTheDB -->
      </class> <!-- com.crm.createcontact.CreateContactAddOrganizationAndVerifyTest -->
    </test> <!-- Default test -->
  </suite> <!-- Default suite -->
</testng-results>
