<?xml version="1.0" encoding="UTF-8"?>
<testng-results ignored="0" total="1" passed="1" failed="0" skipped="0">
  <reporter-output>
  </reporter-output>
  <suite started-at="2022-06-21T17:52:37 IST" name="Default suite" finished-at="2022-06-21T17:52:53 IST" duration-ms="16400">
    <groups>
      <group name="regressionTest">
        <method signature="CreateContactAddOrganizationAndVerifyTest.createContactAddOrganizationAndVerifyTest()[pri:0, instance:com.crm.createcontact.CreateContactAddOrganizationAndVerifyTest@c88a337]" name="createContactAddOrganizationAndVerifyTest" class="com.crm.createcontact.CreateContactAddOrganizationAndVerifyTest"/>
      </group> <!-- regressionTest -->
    </groups>
    <test started-at="2022-06-21T17:52:37 IST" name="Default test" finished-at="2022-06-21T17:52:53 IST" duration-ms="16400">
      <class name="com.crm.createcontact.CreateContactAddOrganizationAndVerifyTest">
        <test-method is-config="true" signature="dbConfig()[pri:0, instance:com.crm.createcontact.CreateContactAddOrganizationAndVerifyTest@c88a337]" started-at="2022-06-21T17:52:37 IST" name="dbConfig" finished-at="2022-06-21T17:52:37 IST" duration-ms="5" status="PASS">
          <reporter-output>
          </reporter-output>
        </test-method> <!-- dbConfig -->
        <test-method is-config="true" signature="launchTheBrowser()[pri:0, instance:com.crm.createcontact.CreateContactAddOrganizationAndVerifyTest@c88a337]" started-at="2022-06-21T17:52:37 IST" name="launchTheBrowser" finished-at="2022-06-21T17:52:41 IST" duration-ms="4001" status="PASS">
          <reporter-output>
          </reporter-output>
        </test-method> <!-- launchTheBrowser -->
        <test-method is-config="true" signature="loginToApplication()[pri:0, instance:com.crm.createcontact.CreateContactAddOrganizationAndVerifyTest@c88a337]" started-at="2022-06-21T17:52:41 IST" name="loginToApplication" finished-at="2022-06-21T17:52:43 IST" duration-ms="1784" status="PASS">
          <reporter-output>
          </reporter-output>
        </test-method> <!-- loginToApplication -->
        <test-method signature="createContactAddOrganizationAndVerifyTest()[pri:0, instance:com.crm.createcontact.CreateContactAddOrganizationAndVerifyTest@c88a337]" started-at="2022-06-21T17:52:43 IST" name="createContactAddOrganizationAndVerifyTest" finished-at="2022-06-21T17:52:52 IST" duration-ms="8731" status="PASS">
          <reporter-output>
          </reporter-output>
        </test-method> <!-- createContactAddOrganizationAndVerifyTest -->
        <test-method is-config="true" signature="signoutFromApplication()[pri:0, instance:com.crm.createcontact.CreateContactAddOrganizationAndVerifyTest@c88a337]" started-at="2022-06-21T17:52:52 IST" name="signoutFromApplication" finished-at="2022-06-21T17:52:53 IST" duration-ms="1067" status="PASS">
          <reporter-output>
          </reporter-output>
        </test-method> <!-- signoutFromApplication -->
        <test-method is-config="true" signature="closeTheBrowser()[pri:0, instance:com.crm.createcontact.CreateContactAddOrganizationAndVerifyTest@c88a337]" started-at="2022-06-21T17:52:53 IST" name="closeTheBrowser" finished-at="2022-06-21T17:52:53 IST" duration-ms="795" status="PASS">
          <reporter-output>
          </reporter-output>
        </test-method> <!-- closeTheBrowser -->
        <test-method is-config="true" signature="closeTheDB()[pri:0, instance:com.crm.createcontact.CreateContactAddOrganizationAndVerifyTest@c88a337]" started-at="2022-06-21T17:52:53 IST" name="closeTheDB" finished-at="2022-06-21T17:52:53 IST" duration-ms="0" status="PASS">
          <reporter-output>
          </reporter-output>
        </test-method> <!-- closeTheDB -->
      </class> <!-- com.crm.createcontact.CreateContactAddOrganizationAndVerifyTest -->
    </test> <!-- Default test -->
  </suite> <!-- Default suite -->
</testng-results>
