<?xml version="1.0" encoding="UTF-8"?>
<!-- Generated by org.testng.reporters.JUnitXMLReporter -->
<testsuite ignored="6" hostname="LAPTOP-FN6RJ6BB" failures="0" tests="4" name="Test1" time="82.205" errors="0" timestamp="2022-06-15T15:24:54 IST">
  <testcase classname="com.crm.createcontact.CreateContactAndVerifyTEST" name="createContactAndVerifyTEST" time="15.06"/>
  <testcase classname="com.crm.createvendor.CreateVendorCreateProductAddVendorAndVerifyTEST" name="createVendorCreateProductAddVendorAndVerifyTEST" time="14.558"/>
  <testcase classname="com.crm.createproduct.CreateProductAndVerifyTEST" name="createProductAndVerifyTEST" time="7.598"/>
  <testcase classname="com.crm.createcontact.CreateContactAddOrganizationAndVerifyTEST" name="createContactAddOrganizationAndVerifyTEST" time="8.686"/>
  <testcase classname="com.crm.comcast.genericUtilities.BaseClass" name="@BeforeSuite dbConfig" time="0.0">
    <ignored/>
  </testcase> <!-- @BeforeSuite dbConfig -->
  <testcase classname="com.crm.comcast.genericUtilities.BaseClass" name="@BeforeSuite dbConfig" time="0.0">
    <ignored/>
  </testcase> <!-- @BeforeSuite dbConfig -->
  <testcase classname="com.crm.comcast.genericUtilities.BaseClass" name="@BeforeSuite dbConfig" time="0.0">
    <ignored/>
  </testcase> <!-- @BeforeSuite dbConfig -->
  <testcase classname="com.crm.comcast.genericUtilities.BaseClass" name="@AfterSuite closeTheDB" time="0.0">
    <ignored/>
  </testcase> <!-- @AfterSuite closeTheDB -->
  <testcase classname="com.crm.comcast.genericUtilities.BaseClass" name="@AfterSuite closeTheDB" time="0.0">
    <ignored/>
  </testcase> <!-- @AfterSuite closeTheDB -->
  <testcase classname="com.crm.comcast.genericUtilities.BaseClass" name="@AfterSuite closeTheDB" time="0.0">
    <ignored/>
  </testcase> <!-- @AfterSuite closeTheDB -->
</testsuite> <!-- Test1 -->
