<?xml version="1.0" encoding="UTF-8"?>
<!-- Generated by org.testng.reporters.JUnitXMLReporter -->
<testsuite ignored="2" hostname="LAPTOP-FN6RJ6BB" failures="0" tests="2" name="Test2" time="32.839" errors="0" timestamp="2022-06-15T13:16:09 IST">
  <testcase classname="com.crm.createproduct.CreateProductAndVerifyTEST" name="createProductAndVerifyTEST" time="7.691"/>
  <testcase classname="com.crm.createcontact.CreateContactAddOrganizationAndVerifyTEST" name="createContactAddOrganizationAndVerifyTEST" time="8.843"/>
  <testcase classname="com.crm.comcast.genericUtilities.BaseClass" name="@BeforeSuite dbConfig" time="0.0">
    <ignored/>
  </testcase> <!-- @BeforeSuite dbConfig -->
  <testcase classname="com.crm.comcast.genericUtilities.BaseClass" name="@AfterSuite closeTheDB" time="0.0">
    <ignored/>
  </testcase> <!-- @AfterSuite closeTheDB -->
</testsuite> <!-- Test2 -->
