<?xml version="1.0" encoding="UTF-8"?>
<!-- Generated by org.testng.reporters.JUnitXMLReporter -->
<testsuite ignored="2" hostname="LAPTOP-FN6RJ6BB" failures="0" tests="2" name="TestRunner1" time="46.38" errors="0" timestamp="2022-06-15T15:43:34 IST">
  <testcase classname="com.crm.createcontact.CreateContactAndVerifyTEST" name="createContactAndVerifyTEST" time="10.412"/>
  <testcase classname="com.crm.createvendor.CreateVendorCreateProductAddVendorAndVerifyTEST" name="createVendorCreateProductAddVendorAndVerifyTEST" time="12.874"/>
  <testcase classname="com.crm.comcast.genericUtilities.BaseClass" name="@BeforeSuite dbConfig" time="0.0">
    <ignored/>
  </testcase> <!-- @BeforeSuite dbConfig -->
  <testcase classname="com.crm.comcast.genericUtilities.BaseClass" name="@AfterSuite closeTheDB" time="0.0">
    <ignored/>
  </testcase> <!-- @AfterSuite closeTheDB -->
</testsuite> <!-- TestRunner1 -->
