<?xml version="1.0" encoding="UTF-8"?>
<!-- Generated by org.testng.reporters.JUnitXMLReporter -->
<testsuite ignored="6" hostname="LAPTOP-FN6RJ6BB" failures="0" tests="4" name="Test" time="65.567" errors="0" timestamp="2022-06-16T18:06:58 IST">
  <testcase classname="com.crm.purchaseorder.CreatePurchaseOrderWithItemQtyListPriceTEST" name="createPurchaseOrderWithItemQtyListPriceTEST" time="9.638"/>
  <testcase classname="com.crm.createorganization.CreateOrganizationAndVerifyTEST" name="createOrganizationAndVerifyTEST" time="8.333"/>
  <testcase classname="com.crm.createcampaign.CreateCampaignAddProductAndVerifyTEST" name="createCampaignAddProductAndVerifyTEST" time="7.388"/>
  <testcase classname="com.crm.createdocument.CreateDocumentAndVerifyTEST" name="createDocumentAndVerifyTEST" time="6.781"/>
  <testcase classname="com.crm.comcast.genericUtilities.BaseClass" name="@BeforeSuite dbConfig" time="0.0">
    <ignored/>
  </testcase> <!-- @BeforeSuite dbConfig -->
  <testcase classname="com.crm.comcast.genericUtilities.BaseClass" name="@BeforeSuite dbConfig" time="0.0">
    <ignored/>
  </testcase> <!-- @BeforeSuite dbConfig -->
  <testcase classname="com.crm.comcast.genericUtilities.BaseClass" name="@BeforeSuite dbConfig" time="0.0">
    <ignored/>
  </testcase> <!-- @BeforeSuite dbConfig -->
  <testcase classname="com.crm.comcast.genericUtilities.BaseClass" name="@AfterSuite closeTheDB" time="0.0">
    <ignored/>
  </testcase> <!-- @AfterSuite closeTheDB -->
  <testcase classname="com.crm.comcast.genericUtilities.BaseClass" name="@AfterSuite closeTheDB" time="0.0">
    <ignored/>
  </testcase> <!-- @AfterSuite closeTheDB -->
  <testcase classname="com.crm.comcast.genericUtilities.BaseClass" name="@AfterSuite closeTheDB" time="0.0">
    <ignored/>
  </testcase> <!-- @AfterSuite closeTheDB -->
</testsuite> <!-- Test -->
